  Assembling main.asm...
main.asm(69): warning A6004: procedure argument or local not referenced : hPrevInst
main.asm(69): warning A6004: procedure argument or local not referenced : CmdLine
main.asm(69): warning A6004: procedure argument or local not referenced : CmdShow
  Assembling MenuAndControl.asm...
MenuAndControl.asm(161): warning A6004: procedure argument or local not referenced : lParam
MenuAndControl.asm(201): warning A6004: procedure argument or local not referenced : lParam
  Assembling Painter.asm...
Painter.asm(549): warning A6004: procedure argument or local not referenced : lParam
  Assembling WindowsManager.asm...
WindowsManager.asm(312): warning A6004: procedure argument or local not referenced : lParam
WindowsManager.asm(364): warning A6004: procedure argument or local not referenced : wParam
WindowsManager.asm(379): warning A6004: procedure argument or local not referenced : hWnd
WindowsManager.asm(379): warning A6004: procedure argument or local not referenced : wParam
WindowsManager.asm(379): warning A6004: procedure argument or local not referenced : lParam
WindowsManager.asm(437): warning A6004: procedure argument or local not referenced : wParam
WindowsManager.asm(437): warning A6004: procedure argument or local not referenced : hdc
WindowsManager.asm(437): warning A6004: procedure argument or local not referenced : tempDC
WindowsManager.asm(437): warning A6004: procedure argument or local not referenced : tempBitmap
WindowsManager.asm(464): warning A6004: procedure argument or local not referenced : hWnd
WindowsManager.asm(464): warning A6004: procedure argument or local not referenced : wParam
WindowsManager.asm(535): warning A6004: procedure argument or local not referenced : wParam
WindowsManager.asm(535): warning A6004: procedure argument or local not referenced : lParam
  PictureEditor.vcxproj -> C:\Users\24821\Desktop\新建文件夹 (2)\assembly_project\src\Debug\PictureEditor.exe
